This is pdfTeX, Version 3.1415926-2.5-1.40.14 (TeX Live 2013) (format=pdflatex 2013.5.30)  28 MAY 2015 16:39
entering extended mode
 restricted \write18 enabled.
 %&-line parsing enabled.
**ms.tex
(./ms.tex
LaTeX2e <2011/06/27>
Babel <3.9f> and hyphenation patterns for 78 languages loaded.
(/usr/local/texlive/2013/texmf-dist/tex/latex/emulateapj/emulateapj.cls
Document Class: emulateapj 
\bibbaselineskip=\skip41
(/usr/local/texlive/2013/texmf-dist/tex/latex/revtex/revtex4-1.cls
Document Class: revtex4-1 2010/07/25/20:33:00 4.1r (http://publish.aps.org/revt
ex4/ for documentation)
 Copyright (c) 2009 The American Physical Society.
 mailto:revtex@aps.org
 Licensed under the LPPL:
http://www.ctan.org/tex-archive/macros/latex/base/lppl.txt
 Arthur Ogawa <arthur_ogawa at sbcglobal dot net>
 Based on work by David Carlisle <david at dcarlisle.demon.co.uk>.
ltxutil[2010/07/25/20:33:00 4.1r utilities package (portions licensed from W. E
. Baxter web at superscript.com)]
LaTeX Info: Redefining \@centercr on input line 308.
Class revtex4-1 Info: Repairing broken LaTeX eqnarray on input line 358.
\eqncolsep=\skip42
Class revtex4-1 Info: Repairing hyperref-unfriendly LaTeX definition of \mpfoot
note on input line 433.
Class revtex4-1 Info: Repairing broken LateX \@sect on input line 755.
\intertabularlinepenalty=\count79
\@tbpen=\count80
\@arstrutbox@hline=\box26
Class revtex4-1 Info: Repairing broken LaTeX \@xbitor on input line 1786.
Class revtex4-1 Info: Making \typeout \long on input line 2046.
ltxfront[2010/07/25/20:33:00 4.1r frontmatter package (AO,DPC)]
\c@affil=\count81
\c@collab=\count82
\absbox=\box27
ltxgrid[2010/07/25/20:33:00 4.1r page grid package (portions licensed from W. E
. Baxter web at superscript.com)]
\c@linecount=\count83
\output@latex=\toks14
\box@size@1=\box28
\box@size@2=\box29
\@protection@box=\box30
\@topmark@saved=\toks15
\footins@saved=\box31
\footins@recovered=\box32
\column@recovered=\box33
\pagesofar=\box34
\footsofar=\box35
\pagegrid@col=\count84
Class revtex4-1 Info: Overriding \@vspace, \@vspacer, \@no@pgbk, \@newline, and
 \\  on input line 5578.
\c@part=\count85
\c@section=\count86
\c@subsection=\count87
\c@subsubsection=\count88
\c@paragraph=\count89
\c@subparagraph=\count90
\abovecaptionskip=\skip43
\belowcaptionskip=\skip44
\c@figure=\count91
\fbox@1=\box36
\c@table=\count92
\fbox@2=\box37
\c@video=\count93
\fbox@4=\box38
\@bibdataout=\write3
\widetext@top=\box39
\widetext@bot=\box40

Class revtex4-1 Warning: No Society specified, using default society aps.

(/usr/local/texlive/2013/texmf-dist/tex/latex/revtex/aps4-1.rtx
File: aps4-1 2010/07/25/20:33:00 4.1r (http://publish.aps.org/revtex4/ for docu
mentation)
Class revtex4-1 Info: RevTeX society APS selected on input line 31.
)

Class revtex4-1 Warning: No journal specified, using default pra.

Class revtex4-1 Info: APS journal PRA selected on input line 7545.

Class revtex4-1 Warning: No type size specified, using default 10.

(/usr/local/texlive/2013/texmf-dist/tex/latex/revtex/aps10pt4-1.rtx
File: aps10pt4-1 2010/07/25/20:33:00 4.1r (http://publish.aps.org/revtex4/ for 
documentation)
Class revtex4-1 Info: RevTeX pointsize 10pt selected on input line 30.
)
(/usr/local/texlive/2013/texmf-dist/tex/latex/textcase/textcase.sty
Package: textcase 2004/10/07 v0.07 Text only upper/lower case changing (DPC)
)
(/usr/local/texlive/2013/texmf-dist/tex/latex/url/url.sty
\Urlmuskip=\muskip10
Package: url 2006/04/12  ver 3.3  Verb mode for urls, etc.
)
(/usr/local/texlive/2013/texmf-dist/tex/latex/natbib/natbib.sty
Package: natbib 2010/09/13 8.31b (PWD, AO)
\bibhang=\skip45
\bibsep=\skip46
LaTeX Info: Redefining \cite on input line 694.
\c@NAT@ctr=\count94
)
Class revtex4-1 Info: Repairing natbib's \BibitemShut on input line 7549.

(/usr/local/texlive/2013/texmf-dist/tex/latex/revtex/revsymb4-1.sty
Package: revsymb4-1 2010/07/25/20:33:00 4.1r (http://publish.aps.org/revtex4/ f
or documentation)
LaTeX Info: Redefining \REV@mathfrak on input line 119.
))
(/usr/local/texlive/2013/texmf-dist/tex/latex/base/latexsym.sty
Package: latexsym 1998/08/17 v2.2e Standard LaTeX package (lasy symbols)
\symlasy=\mathgroup4
LaTeX Font Info:    Overwriting symbol font `lasy' in version `bold'
(Font)                  U/lasy/m/n --> U/lasy/b/n on input line 47.
)
(/usr/local/texlive/2013/texmf-dist/tex/latex/graphics/graphicx.sty
Package: graphicx 1999/02/16 v1.0f Enhanced LaTeX Graphics (DPC,SPQR)

(/usr/local/texlive/2013/texmf-dist/tex/latex/graphics/keyval.sty
Package: keyval 1999/03/16 v1.13 key=value parser (DPC)
\KV@toks@=\toks16
)
(/usr/local/texlive/2013/texmf-dist/tex/latex/graphics/graphics.sty
Package: graphics 2009/02/05 v1.0o Standard LaTeX Graphics (DPC,SPQR)

(/usr/local/texlive/2013/texmf-dist/tex/latex/graphics/trig.sty
Package: trig 1999/03/16 v1.09 sin cos tan (DPC)
)
(/usr/local/texlive/2013/texmf-dist/tex/latex/latexconfig/graphics.cfg
File: graphics.cfg 2010/04/23 v1.9 graphics configuration of TeX Live
)
Package graphics Info: Driver file: pdftex.def on input line 91.

(/usr/local/texlive/2013/texmf-dist/tex/latex/pdftex-def/pdftex.def
File: pdftex.def 2011/05/27 v0.06d Graphics/color for pdfTeX

(/usr/local/texlive/2013/texmf-dist/tex/generic/oberdiek/infwarerr.sty
Package: infwarerr 2010/04/08 v1.3 Providing info/warning/error messages (HO)
)
(/usr/local/texlive/2013/texmf-dist/tex/generic/oberdiek/ltxcmds.sty
Package: ltxcmds 2011/11/09 v1.22 LaTeX kernel commands for general use (HO)
)
\Gread@gobject=\count95
))
\Gin@req@height=\dimen102
\Gin@req@width=\dimen103
)
(/usr/local/texlive/2013/texmf-dist/tex/latex/amsfonts/amssymb.sty
Package: amssymb 2013/01/14 v3.01 AMS font symbols

(/usr/local/texlive/2013/texmf-dist/tex/latex/amsfonts/amsfonts.sty
Package: amsfonts 2013/01/14 v3.01 Basic AMSFonts support
\@emptytoks=\toks17
\symAMSa=\mathgroup5
\symAMSb=\mathgroup6
LaTeX Font Info:    Overwriting math alphabet `\mathfrak' in version `bold'
(Font)                  U/euf/m/n --> U/euf/b/n on input line 106.
LaTeX Info: Redefining \frak on input line 111.
LaTeX Info: Redefining \Bbb on input line 113.
))
(/usr/local/texlive/2013/texmf-dist/tex/latex/tools/longtable.sty
Package: longtable 2004/02/01 v4.11 Multi-page Table package (DPC)
\LTleft=\skip47
\LTright=\skip48
\LTpre=\skip49
\LTpost=\skip50
\LTchunksize=\count96
\LTcapwidth=\dimen104
\LT@head=\box41
\LT@firsthead=\box42
\LT@foot=\box43
\LT@lastfoot=\box44
\LT@cols=\count97
\LT@rows=\count98
\c@LT@tables=\count99
\c@LT@chunks=\count100
\LT@p@ftn=\toks18
)
(/usr/local/texlive/2013/texmf-dist/tex/generic/epsf/epsf.sty
This is `epsf.tex' v2.7.4 <14 February 2011>
\epsffilein=\read1
\epsfframemargin=\dimen105
\epsfframethickness=\dimen106
\epsfrsize=\dimen107
\epsftmp=\dimen108
\epsftsize=\dimen109
\epsfxsize=\dimen110
\epsfysize=\dimen111
\pspoints=\dimen112
)
\c@front@matter@foot@note=\count101
\alt@affil@toks=\toks19
\alt@affil@toks@count=\toks20
\keys@width=\skip51
\c@lastfootnote=\count102
\c@remember@figure@num=\count103
\c@remember@table@num=\count104
\bibindent=\dimen113
\plot@width=\skip52
\c@table@save=\count105
\table@note@skip=\skip53
\deluxe@table@width=\skip54
\@d@t@a=\skip55
\c@deluxe@table@num=\count106
\abovedeluxetableskip=\skip56
\belowdeluxetableskip=\skip57
\lastrowheight=\dimen114
\DT@p@ftn=\toks21
\pt@column=\count107
\pt@ncol=\count108
) (/usr/local/texlive/2013/texmf-dist/tex/latex/amsmath/amsmath.sty
Package: amsmath 2013/01/14 v2.14 AMS math features
\@mathmargin=\skip58

For additional information on amsmath, use the `?' option.
(/usr/local/texlive/2013/texmf-dist/tex/latex/amsmath/amstext.sty
Package: amstext 2000/06/29 v2.01

(/usr/local/texlive/2013/texmf-dist/tex/latex/amsmath/amsgen.sty
File: amsgen.sty 1999/11/30 v2.0
\@emptytoks=\toks22
\ex@=\dimen115
)
LaTeX Info: Redefining \text on input line 39.
)
(/usr/local/texlive/2013/texmf-dist/tex/latex/amsmath/amsbsy.sty
Package: amsbsy 1999/11/29 v1.2d
\pmbraise@=\dimen116
)
(/usr/local/texlive/2013/texmf-dist/tex/latex/amsmath/amsopn.sty
Package: amsopn 1999/12/14 v2.01 operator names
)
\inf@bad=\count109
LaTeX Info: Redefining \frac on input line 210.
\uproot@=\count110
\leftroot@=\count111
LaTeX Info: Redefining \overline on input line 306.
\classnum@=\count112
\DOTSCASE@=\count113
LaTeX Info: Redefining \ldots on input line 378.
LaTeX Info: Redefining \dots on input line 381.
LaTeX Info: Redefining \cdots on input line 466.
\Mathstrutbox@=\box45
\strutbox@=\box46
\big@size=\dimen117
LaTeX Font Info:    Redeclaring font encoding OML on input line 566.
LaTeX Font Info:    Redeclaring font encoding OMS on input line 567.
\macc@depth=\count114
\c@MaxMatrixCols=\count115
\dotsspace@=\muskip11
\c@parentequation=\count116
\dspbrk@lvl=\count117
\tag@help=\toks23
\row@=\count118
\column@=\count119
\maxfields@=\count120
\andhelp@=\toks24
\eqnshift@=\dimen118
\alignsep@=\dimen119
\tagshift@=\dimen120
\tagwidth@=\dimen121
\totwidth@=\dimen122
\lineht@=\dimen123
\@envbody=\toks25
\multlinegap=\skip59
\multlinetaggap=\skip60
\mathdisplay@stack=\toks26
LaTeX Info: Redefining \[ on input line 2665.
LaTeX Info: Redefining \] on input line 2666.
)
(/usr/local/texlive/2013/texmf-dist/tex/latex/mh/mathtools.sty
Package: mathtools 2013/02/12 v1.13 mathematical typesetting tools

(/usr/local/texlive/2013/texmf-dist/tex/latex/tools/calc.sty
Package: calc 2007/08/22 v4.3 Infix arithmetic (KKT,FJ)
\calc@Acount=\count121
\calc@Bcount=\count122
\calc@Adimen=\dimen124
\calc@Bdimen=\dimen125
\calc@Askip=\skip61
\calc@Bskip=\skip62
LaTeX Info: Redefining \setlength on input line 76.
LaTeX Info: Redefining \addtolength on input line 77.
\calc@Ccount=\count123
\calc@Cskip=\skip63
)
(/usr/local/texlive/2013/texmf-dist/tex/latex/mh/mhsetup.sty
Package: mhsetup 2010/01/21 v1.2a programming setup (MH)
)
LaTeX Info: Thecontrolsequence`\['isalreadyrobust on input line 129.
LaTeX Info: Thecontrolsequence`\]'isalreadyrobust on input line 129.
\g_MT_multlinerow_int=\count124
\l_MT_multwidth_dim=\dimen126
\origjot=\skip64
\l_MT_shortvdotswithinadjustabove_dim=\dimen127
\l_MT_shortvdotswithinadjustbelow_dim=\dimen128
\l_MT_above_intertext_sep=\dimen129
\l_MT_below_intertext_sep=\dimen130
\l_MT_above_shortintertext_sep=\dimen131
\l_MT_below_shortintertext_sep=\dimen132
)
Class revtex4-1 Info: Patching LaTeX tabular. on input line 27.
Class revtex4-1 Info: Patching longtable package on input line 27.
Class revtex4-1 Info: Robustifying \LaTeX's \boldmath command on input line 27.

Class revtex4-1 Info: cite was not loaded (OK!) on input line 27.
Class revtex4-1 Info: mcite was not loaded (OK!) on input line 27.
Class revtex4-1 Info: multicol was not loaded (OK!) on input line 27.
 (./ms.aux)
\openout1 = `ms.aux'.

LaTeX Font Info:    Checking defaults for OML/cmm/m/it on input line 27.
LaTeX Font Info:    ... okay on input line 27.
LaTeX Font Info:    Checking defaults for T1/cmr/m/n on input line 27.
LaTeX Font Info:    ... okay on input line 27.
LaTeX Font Info:    Checking defaults for OT1/cmr/m/n on input line 27.
LaTeX Font Info:    ... okay on input line 27.
LaTeX Font Info:    Checking defaults for OMS/cmsy/m/n on input line 27.
LaTeX Font Info:    ... okay on input line 27.
LaTeX Font Info:    Checking defaults for OMX/cmex/m/n on input line 27.
LaTeX Font Info:    ... okay on input line 27.
LaTeX Font Info:    Checking defaults for U/cmr/m/n on input line 27.
LaTeX Font Info:    ... okay on input line 27.

(/usr/local/texlive/2013/texmf-dist/tex/context/base/supp-pdf.mkii
[Loading MPS to PDF converter (version 2006.09.02).]
\scratchcounter=\count125
\scratchdimen=\dimen133
\scratchbox=\box47
\nofMPsegments=\count126
\nofMParguments=\count127
\everyMPshowfont=\toks27
\MPscratchCnt=\count128
\MPscratchDim=\dimen134
\MPnumerator=\count129
\makeMPintoPDFobject=\count130
\everyMPtoPDFconversion=\toks28
) (/usr/local/texlive/2013/texmf-dist/tex/generic/oberdiek/pdftexcmds.sty
Package: pdftexcmds 2011/11/29 v0.20 Utility functions of pdfTeX for LuaTeX (HO
)

(/usr/local/texlive/2013/texmf-dist/tex/generic/oberdiek/ifluatex.sty
Package: ifluatex 2010/03/01 v1.3 Provides the ifluatex switch (HO)
Package ifluatex Info: LuaTeX not detected.
)
(/usr/local/texlive/2013/texmf-dist/tex/generic/oberdiek/ifpdf.sty
Package: ifpdf 2011/01/30 v2.3 Provides the ifpdf switch (HO)
Package ifpdf Info: pdfTeX in PDF mode is detected.
)
Package pdftexcmds Info: LuaTeX not detected.
Package pdftexcmds Info: \pdf@primitive is available.
Package pdftexcmds Info: \pdf@ifprimitive is available.
Package pdftexcmds Info: \pdfdraftmode found.
)
(/usr/local/texlive/2013/texmf-dist/tex/latex/oberdiek/epstopdf-base.sty
Package: epstopdf-base 2010/02/09 v2.5 Base part for package epstopdf

(/usr/local/texlive/2013/texmf-dist/tex/latex/oberdiek/grfext.sty
Package: grfext 2010/08/19 v1.1 Manage graphics extensions (HO)

(/usr/local/texlive/2013/texmf-dist/tex/generic/oberdiek/kvdefinekeys.sty
Package: kvdefinekeys 2011/04/07 v1.3 Define keys (HO)
))
(/usr/local/texlive/2013/texmf-dist/tex/latex/oberdiek/kvoptions.sty
Package: kvoptions 2011/06/30 v3.11 Key value format for package options (HO)

(/usr/local/texlive/2013/texmf-dist/tex/generic/oberdiek/kvsetkeys.sty
Package: kvsetkeys 2012/04/25 v1.16 Key value parser (HO)

(/usr/local/texlive/2013/texmf-dist/tex/generic/oberdiek/etexcmds.sty
Package: etexcmds 2011/02/16 v1.5 Avoid name clashes with e-TeX commands (HO)
Package etexcmds Info: Could not find \expanded.
(etexcmds)             That can mean that you are not using pdfTeX 1.50 or
(etexcmds)             that some package has redefined \expanded.
(etexcmds)             In the latter case, load this package earlier.
)))
Package grfext Info: Graphics extension search list:
(grfext)             [.png,.pdf,.jpg,.mps,.jpeg,.jbig2,.jb2,.PNG,.PDF,.JPG,.JPE
G,.JBIG2,.JB2,.eps]
(grfext)             \AppendGraphicsExtensions on input line 452.

(/usr/local/texlive/2013/texmf-dist/tex/latex/latexconfig/epstopdf-sys.cfg
File: epstopdf-sys.cfg 2010/07/13 v1.3 Configuration of (r)epstopdf for TeX Liv
e
))
\openout3 = `msNotes.bib'.



Class revtex4-1 Warning: Assuming \noaffiliation for authors.

LaTeX Font Info:    Try loading font information for U+lasy on input line 46.
(/usr/local/texlive/2013/texmf-dist/tex/latex/base/ulasy.fd
File: ulasy.fd 1998/08/17 v2.2e LaTeX symbol font definitions
)
LaTeX Font Info:    Try loading font information for U+msa on input line 46.

(/usr/local/texlive/2013/texmf-dist/tex/latex/amsfonts/umsa.fd
File: umsa.fd 2013/01/14 v3.01 AMS symbols A
)
LaTeX Font Info:    Try loading font information for U+msb on input line 46.

(/usr/local/texlive/2013/texmf-dist/tex/latex/amsfonts/umsb.fd
File: umsb.fd 2013/01/14 v3.01 AMS symbols B
)

Package amsmath Warning: Foreign command \over;
(amsmath)                \frac or \genfrac should be used instead
(amsmath)                 on input line 71.

[1{/usr/local/texlive/2013/texmf-var/fonts/map/pdftex/updmap/pdftex.map}]

LaTeX Warning: Reference `fig:entire projection' on page 2 undefined on input l
ine 157.

<movieframe_quad2_0498.png, id=21, 773.289pt x 722.7pt>
File: movieframe_quad2_0498.png Graphic file (type png)

<use movieframe_quad2_0498.png>
Package pdftex.def Info: movieframe_quad2_0498.png used on input line 159.
(pdftex.def)             Requested size: 208.47804pt x 194.83386pt.


LaTeX Warning: Reference `fig:entire projection' on page 2 undefined on input l
ine 165.


LaTeX Warning: Reference `fig:star forming regions' on page 2 undefined on inpu
t line 165.

<Disk_0132_0000.png, id=23, 773.289pt x 722.7pt>
File: Disk_0132_0000.png Graphic file (type png)
 <use Disk_0132_0000.png>
Package pdftex.def Info: Disk_0132_0000.png used on input line 169.
(pdftex.def)             Requested size: 218.07646pt x 203.81024pt.

<Disk_0132_0002.png, id=24, 773.289pt x 722.7pt>
File: Disk_0132_0002.png Graphic file (type png)
 <use Disk_0132_0002.png>
Package pdftex.def Info: Disk_0132_0002.png used on input line 169.
(pdftex.def)             Requested size: 218.07646pt x 203.81024pt.


LaTeX Warning: Reference `fig:snapshots' on page 2 undefined on input line 173.



LaTeX Warning: Reference `fig:snapshots 2' on page 2 undefined on input line 17
3.


LaTeX Warning: Reference `fig:snapshots' on page 2 undefined on input line 177.



LaTeX Warning: Reference `fig:snapshots 2' on page 2 undefined on input line 17
7.

<movie_disk_0132_0001.png, id=25, 773.289pt x 722.7pt>
File: movie_disk_0132_0001.png Graphic file (type png)

<use movie_disk_0132_0001.png>
Package pdftex.def Info: movie_disk_0132_0001.png used on input line 180.
(pdftex.def)             Requested size: 218.07646pt x 203.81024pt.

<movie_disk_0132_0003.png, id=26, 773.289pt x 722.7pt>
File: movie_disk_0132_0003.png Graphic file (type png)

<use movie_disk_0132_0003.png>
Package pdftex.def Info: movie_disk_0132_0003.png used on input line 180.
(pdftex.def)             Requested size: 218.07646pt x 203.81024pt.

<movie_disk_0132_0000.png, id=27, 773.289pt x 722.7pt>
File: movie_disk_0132_0000.png Graphic file (type png)

<use movie_disk_0132_0000.png>
Package pdftex.def Info: movie_disk_0132_0000.png used on input line 181.
(pdftex.def)             Requested size: 218.07646pt x 203.81024pt.
File: Disk_0132_0000.png Graphic file (type png)
 <use Disk_0132_0000.png>
Package pdftex.def Info: Disk_0132_0000.png used on input line 181.
(pdftex.def)             Requested size: 218.07646pt x 203.81024pt.

<movie_disk_0132_0002.png, id=28, 773.289pt x 722.7pt>
File: movie_disk_0132_0002.png Graphic file (type png)

<use movie_disk_0132_0002.png>
Package pdftex.def Info: movie_disk_0132_0002.png used on input line 186.
(pdftex.def)             Requested size: 246.29417pt x 230.177pt.

<movie_disk_0132_0004.png, id=29, 773.289pt x 722.7pt>
File: movie_disk_0132_0004.png Graphic file (type png)

<use movie_disk_0132_0004.png>
Package pdftex.def Info: movie_disk_0132_0004.png used on input line 187.
(pdftex.def)             Requested size: 246.29417pt x 230.177pt.
File: Disk_0132_0002.png Graphic file (type png)
 <use Disk_0132_0002.png>
Package pdftex.def Info: Disk_0132_0002.png used on input line 188.
(pdftex.def)             Requested size: 246.29417pt x 230.177pt.

Underfull \hbox (badness 3965) in paragraph at lines 192--193
[]\OT1/cmr/bx/n/10 ARE THESE DISK GRAV-I-TA-TION-ALLY
 []

<Average_5_013.pdf, id=30, 1084.05pt x 722.7pt>
File: Average_5_013.pdf Graphic file (type pdf)
 <use Average_5_013.pdf>
Package pdftex.def Info: Average_5_013.pdf used on input line 196.
(pdftex.def)             Requested size: 218.07646pt x 145.37552pt.

<Average_5_24.pdf, id=31, 1084.05pt x 722.7pt>
File: Average_5_24.pdf Graphic file (type pdf)
 <use Average_5_24.pdf>
Package pdftex.def Info: Average_5_24.pdf used on input line 196.
(pdftex.def)             Requested size: 218.07646pt x 145.37552pt.

<Average_02_013.pdf, id=32, 1084.05pt x 722.7pt>
File: Average_02_013.pdf Graphic file (type pdf)
 <use Average_02_013.pdf>
Package pdftex.def Info: Average_02_013.pdf used on input line 197.
(pdftex.def)             Requested size: 218.07646pt x 145.37552pt.

<Average_02_24.pdf, id=33, 1084.05pt x 722.7pt>
File: Average_02_24.pdf Graphic file (type pdf)
 <use Average_02_24.pdf>
Package pdftex.def Info: Average_02_24.pdf used on input line 197.
(pdftex.def)             Requested size: 218.07646pt x 145.37552pt.

[2 <./movieframe_quad2_0498.png>]

LaTeX Warning: Reference `fig:accretion average rho' on page 3 undefined on inp
ut line 201.


LaTeX Warning: Reference `fig:geometry' on page 3 undefined on input line 203.


LaTeX Warning: Reference `fig:geometry 2' on page 3 undefined on input line 203
.


LaTeX Warning: Reference `fig:geometry' on page 3 undefined on input line 203.

<geometry_4_cum.pdf, id=40, 578.16pt x 433.62pt>
File: geometry_4_cum.pdf Graphic file (type pdf)
 <use geometry_4_cum.pdf>
Package pdftex.def Info: geometry_4_cum.pdf used on input line 206.
(pdftex.def)             Requested size: 208.47804pt x 156.3545pt.
File: geometry_4_cum.pdf Graphic file (type pdf)

<use geometry_4_cum.pdf>
Package pdftex.def Info: geometry_4_cum.pdf used on input line 212.
(pdftex.def)             Requested size: 208.47804pt x 156.3545pt.


LaTeX Warning: Reference `fig:132 000 graphs' on page 3 undefined on input line
 225.


LaTeX Warning: Reference `fig:132_002_graphs' on page 3 undefined on input line
 235.

[3 <./Disk_0132_0000.png> <./Disk_0132_0002.png>]
File: Disk_0132_0000.png Graphic file (type png)
 <use Disk_0132_0000.png>
Package pdftex.def Info: Disk_0132_0000.png used on input line 256.
(pdftex.def)             Requested size: 218.07646pt x 203.81024pt.

<Track_0132_000_rho.png, id=47, 578.16pt x 433.62pt>
File: Track_0132_000_rho.png Graphic file (type png)

<use Track_0132_000_rho.png>
Package pdftex.def Info: Track_0132_000_rho.png used on input line 256.
(pdftex.def)             Requested size: 218.07646pt x 163.55325pt.

<Track_0132_000_vr.png, id=48, 578.16pt x 433.62pt>
File: Track_0132_000_vr.png Graphic file (type png)

<use Track_0132_000_vr.png>
Package pdftex.def Info: Track_0132_000_vr.png used on input line 257.
(pdftex.def)             Requested size: 218.07646pt x 163.55325pt.

<Track_0132_000_mass.png, id=49, 578.16pt x 433.62pt>
File: Track_0132_000_mass.png Graphic file (type png)

<use Track_0132_000_mass.png>
Package pdftex.def Info: Track_0132_000_mass.png used on input line 257.
(pdftex.def)             Requested size: 218.07646pt x 163.55325pt.

<Track_0132_003_mdot.png, id=50, 578.16pt x 433.62pt>
File: Track_0132_003_mdot.png Graphic file (type png)

<use Track_0132_003_mdot.png>
Package pdftex.def Info: Track_0132_003_mdot.png used on input line 258.
(pdftex.def)             Requested size: 218.07646pt x 163.55325pt.

<pdf_frame_0132_0000.png, id=51, 578.16pt x 433.62pt>
File: pdf_frame_0132_0000.png Graphic file (type png)

<use pdf_frame_0132_0000.png>
Package pdftex.def Info: pdf_frame_0132_0000.png used on input line 258.
(pdftex.def)             Requested size: 218.07646pt x 163.55325pt.
File: Disk_0132_0002.png Graphic file (type png)
 <use Disk_0132_0002.png>
Package pdftex.def Info: Disk_0132_0002.png used on input line 263.
(pdftex.def)             Requested size: 218.07646pt x 203.81024pt.

<Track_0132_002_rho.png, id=52, 578.16pt x 433.62pt>
File: Track_0132_002_rho.png Graphic file (type png)

<use Track_0132_002_rho.png>
Package pdftex.def Info: Track_0132_002_rho.png used on input line 263.
(pdftex.def)             Requested size: 218.07646pt x 163.55325pt.

<Track_0132_002_vr.png, id=53, 578.16pt x 433.62pt>
File: Track_0132_002_vr.png Graphic file (type png)

<use Track_0132_002_vr.png>
Package pdftex.def Info: Track_0132_002_vr.png used on input line 264.
(pdftex.def)             Requested size: 218.07646pt x 163.55325pt.

<Track_0132_002_mass.png, id=54, 578.16pt x 433.62pt>
File: Track_0132_002_mass.png Graphic file (type png)

<use Track_0132_002_mass.png>
Package pdftex.def Info: Track_0132_002_mass.png used on input line 264.
(pdftex.def)             Requested size: 218.07646pt x 163.55325pt.

<Track_0132_004_mdot.png, id=55, 578.16pt x 433.62pt>
File: Track_0132_004_mdot.png Graphic file (type png)

<use Track_0132_004_mdot.png>
Package pdftex.def Info: Track_0132_004_mdot.png used on input line 265.
(pdftex.def)             Requested size: 218.07646pt x 163.55325pt.

<pdf_frame_0132_0002.png, id=56, 578.16pt x 433.62pt>
File: pdf_frame_0132_0002.png Graphic file (type png)

<use pdf_frame_0132_0002.png>
Package pdftex.def Info: pdf_frame_0132_0002.png used on input line 265.
(pdftex.def)             Requested size: 218.07646pt x 163.55325pt.

<Track_0256_000_l.png, id=57, 578.16pt x 433.62pt>
File: Track_0256_000_l.png Graphic file (type png)
 <use Track_0256_000_l.png>
Package pdftex.def Info: Track_0256_000_l.png used on input line 273.
(pdftex.def)             Requested size: 218.07646pt x 163.55325pt.

<Track_0132_000_l.png, id=58, 578.16pt x 433.62pt>
File: Track_0132_000_l.png Graphic file (type png)
 <use Track_0132_000_l.png>
Package pdftex.def Info: Track_0132_000_l.png used on input line 273.
(pdftex.def)             Requested size: 218.07646pt x 163.55325pt.

Overfull \vbox (25.15701pt too high) has occurred while \output is active []


Overfull \vbox (25.12671pt too high) has occurred while \output is active []


No file ms.bbl.
[4 <./movie_disk_0132_0001.png> <./movie_disk_0132_0003.png> <./movie_disk_0132
_0000.png>] [5 <./movie_disk_0132_0002.png> <./movie_disk_0132_0004.png>]
[6 <./Average_5_013.pdf> <./Average_5_24.pdf

pdfTeX warning: pdflatex (file ./Average_5_24.pdf): PDF inclusion: multiple pdf
s with page group included in a single page
> <./Average_02_013.pdf

pdfTeX warning: pdflatex (file ./Average_02_013.pdf): PDF inclusion: multiple p
dfs with page group included in a single page
> <./Average_02_24.pdf

pdfTeX warning: pdflatex (file ./Average_02_24.pdf): PDF inclusion: multiple pd
fs with page group included in a single page
> <./geometry_4_cum.pdf

pdfTeX warning: pdflatex (file ./geometry_4_cum.pdf): PDF inclusion: multiple p
dfs with page group included in a single page
>] [7] [8 <./Track_0132_000_rho.png> <./Track_0132_000_vr.png> <./Track_0132_00
0_mass.png> <./Track_0132_003_mdot.png> <./pdf_frame_0132_0000.png>] [9 <./Trac
k_0132_002_rho.png> <./Track_0132_002_vr.png> <./Track_0132_002_mass.png> <./Tr
ack_0132_004_mdot.png> <./pdf_frame_0132_0002.png>] [10 <./Track_0256_000_l.png
> <./Track_0132_000_l.png>] (./ms.aux)

LaTeX Warning: There were undefined references.


LaTeX Warning: Label(s) may have changed. Rerun to get cross-references right .


 ) 
Here is how much of TeX's memory you used:
 5538 strings out of 493315
 76078 string characters out of 6137904
 167488 words of memory out of 5000000
 8882 multiletter control sequences out of 15000+600000
 11221 words of font info for 46 fonts, out of 8000000 for 9000
 957 hyphenation exceptions out of 8191
 39i,9n,28p,1338b,352s stack positions out of 5000i,500n,10000p,200000b,80000s
</usr/local/texlive/2013/texmf-dist/fonts/type1/public/amsfonts/cm/cmbx10.pfb
></usr/local/texlive/2013/texmf-dist/fonts/type1/public/amsfonts/cm/cmcsc10.pfb
></usr/local/texlive/2013/texmf-dist/fonts/type1/public/amsfonts/cm/cmex10.pfb>
</usr/local/texlive/2013/texmf-dist/fonts/type1/public/amsfonts/cm/cmmi10.pfb><
/usr/local/texlive/2013/texmf-dist/fonts/type1/public/amsfonts/cm/cmmi12.pfb></
usr/local/texlive/2013/texmf-dist/fonts/type1/public/amsfonts/cm/cmmi5.pfb></us
r/local/texlive/2013/texmf-dist/fonts/type1/public/amsfonts/cm/cmmi7.pfb></usr/
local/texlive/2013/texmf-dist/fonts/type1/public/amsfonts/cm/cmmi8.pfb></usr/lo
cal/texlive/2013/texmf-dist/fonts/type1/public/amsfonts/cm/cmr10.pfb></usr/loca
l/texlive/2013/texmf-dist/fonts/type1/public/amsfonts/cm/cmr17.pfb></usr/local/
texlive/2013/texmf-dist/fonts/type1/public/amsfonts/cm/cmr5.pfb></usr/local/tex
live/2013/texmf-dist/fonts/type1/public/amsfonts/cm/cmr6.pfb></usr/local/texliv
e/2013/texmf-dist/fonts/type1/public/amsfonts/cm/cmr7.pfb></usr/local/texlive/2
013/texmf-dist/fonts/type1/public/amsfonts/cm/cmr8.pfb></usr/local/texlive/2013
/texmf-dist/fonts/type1/public/amsfonts/cm/cmr9.pfb></usr/local/texlive/2013/te
xmf-dist/fonts/type1/public/amsfonts/cm/cmsy10.pfb></usr/local/texlive/2013/tex
mf-dist/fonts/type1/public/amsfonts/cm/cmsy6.pfb></usr/local/texlive/2013/texmf
-dist/fonts/type1/public/amsfonts/cm/cmsy7.pfb></usr/local/texlive/2013/texmf-d
ist/fonts/type1/public/amsfonts/cm/cmsy8.pfb></usr/local/texlive/2013/texmf-dis
t/fonts/type1/public/amsfonts/cm/cmti10.pfb></usr/local/texlive/2013/texmf-dist
/fonts/type1/public/amsfonts/cm/cmti8.pfb></usr/local/texlive/2013/texmf-dist/f
onts/type1/public/amsfonts/symbols/msam10.pfb></usr/local/texlive/2013/texmf-di
st/fonts/type1/public/amsfonts/symbols/msbm10.pfb></usr/local/texlive/2013/texm
f-dist/fonts/type1/urw/helvetic/uhvr8a.pfb>
Output written on ms.pdf (10 pages, 5407734 bytes).
PDF statistics:
 257 PDF objects out of 1000 (max. 8388607)
 161 compressed objects within 2 object streams
 0 named destinations out of 1000 (max. 500000)
 126 words of extra memory for PDF output out of 10000 (max. 10000000)

