This is pdfTeX, Version 3.1415926-2.5-1.40.14 (TeX Live 2013) (format=pdflatex 2013.5.30)  15 MAY 2015 12:22
entering extended mode
 restricted \write18 enabled.
 file:line:error style messages enabled.
 %&-line parsing enabled.
**Turbulent_collapse.tex
(./Turbulent_collapse.tex
LaTeX2e <2011/06/27>
Babel <3.9f> and hyphenation patterns for 78 languages loaded.
(/usr/local/texlive/2013/texmf-dist/tex/latex/emulateapj/emulateapj.cls
Document Class: emulateapj 
\bibbaselineskip=\skip41
(/usr/local/texlive/2013/texmf-dist/tex/latex/revtex/revtex4-1.cls
Document Class: revtex4-1 2010/07/25/20:33:00 4.1r (http://publish.aps.org/revt
ex4/ for documentation)
 Copyright (c) 2009 The American Physical Society.
 mailto:revtex@aps.org
 Licensed under the LPPL:
http://www.ctan.org/tex-archive/macros/latex/base/lppl.txt
 Arthur Ogawa <arthur_ogawa at sbcglobal dot net>
 Based on work by David Carlisle <david at dcarlisle.demon.co.uk>.
ltxutil[2010/07/25/20:33:00 4.1r utilities package (portions licensed from W. E
. Baxter web at superscript.com)]
LaTeX Info: Redefining \@centercr on input line 308.
Class revtex4-1 Info: Repairing broken LaTeX eqnarray on input line 358.
\eqncolsep=\skip42
Class revtex4-1 Info: Repairing hyperref-unfriendly LaTeX definition of \mpfoot
note on input line 433.
Class revtex4-1 Info: Repairing broken LateX \@sect on input line 755.
\intertabularlinepenalty=\count79
\@tbpen=\count80
\@arstrutbox@hline=\box26
Class revtex4-1 Info: Repairing broken LaTeX \@xbitor on input line 1786.
Class revtex4-1 Info: Making \typeout \long on input line 2046.
ltxfront[2010/07/25/20:33:00 4.1r frontmatter package (AO,DPC)]
\c@affil=\count81
\c@collab=\count82
\absbox=\box27
ltxgrid[2010/07/25/20:33:00 4.1r page grid package (portions licensed from W. E
. Baxter web at superscript.com)]
\c@linecount=\count83
\output@latex=\toks14
\box@size@1=\box28
\box@size@2=\box29
\@protection@box=\box30
\@topmark@saved=\toks15
\footins@saved=\box31
\footins@recovered=\box32
\column@recovered=\box33
\pagesofar=\box34
\footsofar=\box35
\pagegrid@col=\count84
Class revtex4-1 Info: Overriding \@vspace, \@vspacer, \@no@pgbk, \@newline, and
 \\  on input line 5578.
\c@part=\count85
\c@section=\count86
\c@subsection=\count87
\c@subsubsection=\count88
\c@paragraph=\count89
\c@subparagraph=\count90
\abovecaptionskip=\skip43
\belowcaptionskip=\skip44
\c@figure=\count91
\fbox@1=\box36
\c@table=\count92
\fbox@2=\box37
\c@video=\count93
\fbox@4=\box38
\@bibdataout=\write3
\widetext@top=\box39
\widetext@bot=\box40

Class revtex4-1 Warning: No Society specified, using default society aps.

(/usr/local/texlive/2013/texmf-dist/tex/latex/revtex/aps4-1.rtx
File: aps4-1 2010/07/25/20:33:00 4.1r (http://publish.aps.org/revtex4/ for docu
mentation)
Class revtex4-1 Info: RevTeX society APS selected on input line 31.
)

Class revtex4-1 Warning: No journal specified, using default pra.

Class revtex4-1 Info: APS journal PRA selected on input line 7545.

Class revtex4-1 Warning: No type size specified, using default 10.

(/usr/local/texlive/2013/texmf-dist/tex/latex/revtex/aps10pt4-1.rtx
File: aps10pt4-1 2010/07/25/20:33:00 4.1r (http://publish.aps.org/revtex4/ for 
documentation)
Class revtex4-1 Info: RevTeX pointsize 10pt selected on input line 30.
)
(/usr/local/texlive/2013/texmf-dist/tex/latex/textcase/textcase.sty
Package: textcase 2004/10/07 v0.07 Text only upper/lower case changing (DPC)
)
(/usr/local/texlive/2013/texmf-dist/tex/latex/url/url.sty
\Urlmuskip=\muskip10
Package: url 2006/04/12  ver 3.3  Verb mode for urls, etc.
)
(/usr/local/texlive/2013/texmf-dist/tex/latex/natbib/natbib.sty
Package: natbib 2010/09/13 8.31b (PWD, AO)
\bibhang=\skip45
\bibsep=\skip46
LaTeX Info: Redefining \cite on input line 694.
\c@NAT@ctr=\count94
)
Class revtex4-1 Info: Repairing natbib's \BibitemShut on input line 7549.

(/usr/local/texlive/2013/texmf-dist/tex/latex/revtex/revsymb4-1.sty
Package: revsymb4-1 2010/07/25/20:33:00 4.1r (http://publish.aps.org/revtex4/ f
or documentation)
LaTeX Info: Redefining \REV@mathfrak on input line 119.
))
(/usr/local/texlive/2013/texmf-dist/tex/latex/base/latexsym.sty
Package: latexsym 1998/08/17 v2.2e Standard LaTeX package (lasy symbols)
\symlasy=\mathgroup4
LaTeX Font Info:    Overwriting symbol font `lasy' in version `bold'
(Font)                  U/lasy/m/n --> U/lasy/b/n on input line 47.
)
(/usr/local/texlive/2013/texmf-dist/tex/latex/graphics/graphicx.sty
Package: graphicx 1999/02/16 v1.0f Enhanced LaTeX Graphics (DPC,SPQR)

(/usr/local/texlive/2013/texmf-dist/tex/latex/graphics/keyval.sty
Package: keyval 1999/03/16 v1.13 key=value parser (DPC)
\KV@toks@=\toks16
)
(/usr/local/texlive/2013/texmf-dist/tex/latex/graphics/graphics.sty
Package: graphics 2009/02/05 v1.0o Standard LaTeX Graphics (DPC,SPQR)

(/usr/local/texlive/2013/texmf-dist/tex/latex/graphics/trig.sty
Package: trig 1999/03/16 v1.09 sin cos tan (DPC)
)
(/usr/local/texlive/2013/texmf-dist/tex/latex/latexconfig/graphics.cfg
File: graphics.cfg 2010/04/23 v1.9 graphics configuration of TeX Live
)
Package graphics Info: Driver file: pdftex.def on input line 91.

(/usr/local/texlive/2013/texmf-dist/tex/latex/pdftex-def/pdftex.def
File: pdftex.def 2011/05/27 v0.06d Graphics/color for pdfTeX

(/usr/local/texlive/2013/texmf-dist/tex/generic/oberdiek/infwarerr.sty
Package: infwarerr 2010/04/08 v1.3 Providing info/warning/error messages (HO)
)
(/usr/local/texlive/2013/texmf-dist/tex/generic/oberdiek/ltxcmds.sty
Package: ltxcmds 2011/11/09 v1.22 LaTeX kernel commands for general use (HO)
)
\Gread@gobject=\count95
))
\Gin@req@height=\dimen102
\Gin@req@width=\dimen103
)
(/usr/local/texlive/2013/texmf-dist/tex/latex/amsfonts/amssymb.sty
Package: amssymb 2013/01/14 v3.01 AMS font symbols

(/usr/local/texlive/2013/texmf-dist/tex/latex/amsfonts/amsfonts.sty
Package: amsfonts 2013/01/14 v3.01 Basic AMSFonts support
\@emptytoks=\toks17
\symAMSa=\mathgroup5
\symAMSb=\mathgroup6
LaTeX Font Info:    Overwriting math alphabet `\mathfrak' in version `bold'
(Font)                  U/euf/m/n --> U/euf/b/n on input line 106.
LaTeX Info: Redefining \frak on input line 111.
LaTeX Info: Redefining \Bbb on input line 113.
))
(/usr/local/texlive/2013/texmf-dist/tex/latex/tools/longtable.sty
Package: longtable 2004/02/01 v4.11 Multi-page Table package (DPC)
\LTleft=\skip47
\LTright=\skip48
\LTpre=\skip49
\LTpost=\skip50
\LTchunksize=\count96
\LTcapwidth=\dimen104
\LT@head=\box41
\LT@firsthead=\box42
\LT@foot=\box43
\LT@lastfoot=\box44
\LT@cols=\count97
\LT@rows=\count98
\c@LT@tables=\count99
\c@LT@chunks=\count100
\LT@p@ftn=\toks18
)
(/usr/local/texlive/2013/texmf-dist/tex/generic/epsf/epsf.sty
This is `epsf.tex' v2.7.4 <14 February 2011>
\epsffilein=\read1
\epsfframemargin=\dimen105
\epsfframethickness=\dimen106
\epsfrsize=\dimen107
\epsftmp=\dimen108
\epsftsize=\dimen109
\epsfxsize=\dimen110
\epsfysize=\dimen111
\pspoints=\dimen112
)
\c@front@matter@foot@note=\count101
\alt@affil@toks=\toks19
\alt@affil@toks@count=\toks20
\keys@width=\skip51
\c@lastfootnote=\count102
\c@remember@figure@num=\count103
\c@remember@table@num=\count104
\bibindent=\dimen113
\plot@width=\skip52
\c@table@save=\count105
\table@note@skip=\skip53
\deluxe@table@width=\skip54
\@d@t@a=\skip55
\c@deluxe@table@num=\count106
\abovedeluxetableskip=\skip56
\belowdeluxetableskip=\skip57
\lastrowheight=\dimen114
\DT@p@ftn=\toks21
\pt@column=\count107
\pt@ncol=\count108
) (/usr/local/texlive/2013/texmf-dist/tex/latex/geometry/geometry.sty
Package: geometry 2010/09/12 v5.6 Page Geometry

(/usr/local/texlive/2013/texmf-dist/tex/generic/oberdiek/ifpdf.sty
Package: ifpdf 2011/01/30 v2.3 Provides the ifpdf switch (HO)
Package ifpdf Info: pdfTeX in PDF mode is detected.
)
(/usr/local/texlive/2013/texmf-dist/tex/generic/oberdiek/ifvtex.sty
Package: ifvtex 2010/03/01 v1.5 Detect VTeX and its facilities (HO)
Package ifvtex Info: VTeX not detected.
)
(/usr/local/texlive/2013/texmf-dist/tex/generic/ifxetex/ifxetex.sty
Package: ifxetex 2010/09/12 v0.6 Provides ifxetex conditional
)
\Gm@cnth=\count109
\Gm@cntv=\count110
\c@Gm@tempcnt=\count111
\Gm@bindingoffset=\dimen115
\Gm@wd@mp=\dimen116
\Gm@odd@mp=\dimen117
\Gm@even@mp=\dimen118
\Gm@layoutwidth=\dimen119
\Gm@layoutheight=\dimen120
\Gm@layouthoffset=\dimen121
\Gm@layoutvoffset=\dimen122
\Gm@dimlist=\toks22
)
(/usr/local/texlive/2013/texmf-dist/tex/latex/amsmath/amsmath.sty
Package: amsmath 2013/01/14 v2.14 AMS math features
\@mathmargin=\skip58

For additional information on amsmath, use the `?' option.
(/usr/local/texlive/2013/texmf-dist/tex/latex/amsmath/amstext.sty
Package: amstext 2000/06/29 v2.01

(/usr/local/texlive/2013/texmf-dist/tex/latex/amsmath/amsgen.sty
File: amsgen.sty 1999/11/30 v2.0
\@emptytoks=\toks23
\ex@=\dimen123
)
LaTeX Info: Redefining \text on input line 39.
)
(/usr/local/texlive/2013/texmf-dist/tex/latex/amsmath/amsbsy.sty
Package: amsbsy 1999/11/29 v1.2d
\pmbraise@=\dimen124
)
(/usr/local/texlive/2013/texmf-dist/tex/latex/amsmath/amsopn.sty
Package: amsopn 1999/12/14 v2.01 operator names
)
\inf@bad=\count112
LaTeX Info: Redefining \frac on input line 210.
\uproot@=\count113
\leftroot@=\count114
LaTeX Info: Redefining \overline on input line 306.
\classnum@=\count115
\DOTSCASE@=\count116
LaTeX Info: Redefining \ldots on input line 378.
LaTeX Info: Redefining \dots on input line 381.
LaTeX Info: Redefining \cdots on input line 466.
\Mathstrutbox@=\box45
\strutbox@=\box46
\big@size=\dimen125
LaTeX Font Info:    Redeclaring font encoding OML on input line 566.
LaTeX Font Info:    Redeclaring font encoding OMS on input line 567.
\macc@depth=\count117
\c@MaxMatrixCols=\count118
\dotsspace@=\muskip11
\c@parentequation=\count119
\dspbrk@lvl=\count120
\tag@help=\toks24
\row@=\count121
\column@=\count122
\maxfields@=\count123
\andhelp@=\toks25
\eqnshift@=\dimen126
\alignsep@=\dimen127
\tagshift@=\dimen128
\tagwidth@=\dimen129
\totwidth@=\dimen130
\lineht@=\dimen131
\@envbody=\toks26
\multlinegap=\skip59
\multlinetaggap=\skip60
\mathdisplay@stack=\toks27
LaTeX Info: Redefining \[ on input line 2665.
LaTeX Info: Redefining \] on input line 2666.
)
(/usr/local/texlive/2013/texmf-dist/tex/latex/mh/mathtools.sty
Package: mathtools 2013/02/12 v1.13 mathematical typesetting tools

(/usr/local/texlive/2013/texmf-dist/tex/latex/tools/calc.sty
Package: calc 2007/08/22 v4.3 Infix arithmetic (KKT,FJ)
\calc@Acount=\count124
\calc@Bcount=\count125
\calc@Adimen=\dimen132
\calc@Bdimen=\dimen133
\calc@Askip=\skip61
\calc@Bskip=\skip62
LaTeX Info: Redefining \setlength on input line 76.
LaTeX Info: Redefining \addtolength on input line 77.
\calc@Ccount=\count126
\calc@Cskip=\skip63
)
(/usr/local/texlive/2013/texmf-dist/tex/latex/mh/mhsetup.sty
Package: mhsetup 2010/01/21 v1.2a programming setup (MH)
)
LaTeX Info: Thecontrolsequence`\['isalreadyrobust on input line 129.
LaTeX Info: Thecontrolsequence`\]'isalreadyrobust on input line 129.
\g_MT_multlinerow_int=\count127
\l_MT_multwidth_dim=\dimen134
\origjot=\skip64
\l_MT_shortvdotswithinadjustabove_dim=\dimen135
\l_MT_shortvdotswithinadjustbelow_dim=\dimen136
\l_MT_above_intertext_sep=\dimen137
\l_MT_below_intertext_sep=\dimen138
\l_MT_above_shortintertext_sep=\dimen139
\l_MT_below_shortintertext_sep=\dimen140
)
(/usr/local/texlive/2013/texmf-dist/tex/generic/ulem/ulem.sty
\UL@box=\box47
\UL@hyphenbox=\box48
\UL@skip=\skip65
\UL@hook=\toks28
\UL@height=\dimen141
\UL@pe=\count128
\UL@pixel=\dimen142
\ULC@box=\box49
Package: ulem 2012/05/18
\ULdepth=\dimen143
)
(/usr/local/texlive/2013/texmf-dist/tex/latex/graphics/color.sty
Package: color 2005/11/14 v1.0j Standard LaTeX Color (DPC)

(/usr/local/texlive/2013/texmf-dist/tex/latex/latexconfig/color.cfg
File: color.cfg 2007/01/18 v1.5 color configuration of teTeX/TeXLive
)
Package color Info: Driver file: pdftex.def on input line 130.
)
Class revtex4-1 Info: Patching LaTeX tabular. on input line 57.
Class revtex4-1 Info: Patching longtable package on input line 57.
Class revtex4-1 Info: Robustifying \LaTeX's \boldmath command on input line 57.

Class revtex4-1 Info: cite was not loaded (OK!) on input line 57.
Class revtex4-1 Info: mcite was not loaded (OK!) on input line 57.
Class revtex4-1 Info: multicol was not loaded (OK!) on input line 57.

(./Turbulent_collapse.aux

LaTeX Warning: Label `eqn: pressure gradient ratio' multiply defined.

)
\openout1 = `Turbulent_collapse.aux'.

LaTeX Font Info:    Checking defaults for OML/cmm/m/it on input line 57.
LaTeX Font Info:    ... okay on input line 57.
LaTeX Font Info:    Checking defaults for T1/cmr/m/n on input line 57.
LaTeX Font Info:    ... okay on input line 57.
LaTeX Font Info:    Checking defaults for OT1/cmr/m/n on input line 57.
LaTeX Font Info:    ... okay on input line 57.
LaTeX Font Info:    Checking defaults for OMS/cmsy/m/n on input line 57.
LaTeX Font Info:    ... okay on input line 57.
LaTeX Font Info:    Checking defaults for OMX/cmex/m/n on input line 57.
LaTeX Font Info:    ... okay on input line 57.
LaTeX Font Info:    Checking defaults for U/cmr/m/n on input line 57.
LaTeX Font Info:    ... okay on input line 57.
 (/usr/local/texlive/2013/texmf-dist/tex/context/base/supp-pdf.mkii
[Loading MPS to PDF converter (version 2006.09.02).]
\scratchcounter=\count129
\scratchdimen=\dimen144
\scratchbox=\box50
\nofMPsegments=\count130
\nofMParguments=\count131
\everyMPshowfont=\toks29
\MPscratchCnt=\count132
\MPscratchDim=\dimen145
\MPnumerator=\count133
\makeMPintoPDFobject=\count134
\everyMPtoPDFconversion=\toks30
) (/usr/local/texlive/2013/texmf-dist/tex/generic/oberdiek/pdftexcmds.sty
Package: pdftexcmds 2011/11/29 v0.20 Utility functions of pdfTeX for LuaTeX (HO
)

(/usr/local/texlive/2013/texmf-dist/tex/generic/oberdiek/ifluatex.sty
Package: ifluatex 2010/03/01 v1.3 Provides the ifluatex switch (HO)
Package ifluatex Info: LuaTeX not detected.
)
Package pdftexcmds Info: LuaTeX not detected.
Package pdftexcmds Info: \pdf@primitive is available.
Package pdftexcmds Info: \pdf@ifprimitive is available.
Package pdftexcmds Info: \pdfdraftmode found.
)
(/usr/local/texlive/2013/texmf-dist/tex/latex/oberdiek/epstopdf-base.sty
Package: epstopdf-base 2010/02/09 v2.5 Base part for package epstopdf

(/usr/local/texlive/2013/texmf-dist/tex/latex/oberdiek/grfext.sty
Package: grfext 2010/08/19 v1.1 Manage graphics extensions (HO)

(/usr/local/texlive/2013/texmf-dist/tex/generic/oberdiek/kvdefinekeys.sty
Package: kvdefinekeys 2011/04/07 v1.3 Define keys (HO)
))
(/usr/local/texlive/2013/texmf-dist/tex/latex/oberdiek/kvoptions.sty
Package: kvoptions 2011/06/30 v3.11 Key value format for package options (HO)

(/usr/local/texlive/2013/texmf-dist/tex/generic/oberdiek/kvsetkeys.sty
Package: kvsetkeys 2012/04/25 v1.16 Key value parser (HO)

(/usr/local/texlive/2013/texmf-dist/tex/generic/oberdiek/etexcmds.sty
Package: etexcmds 2011/02/16 v1.5 Avoid name clashes with e-TeX commands (HO)
Package etexcmds Info: Could not find \expanded.
(etexcmds)             That can mean that you are not using pdfTeX 1.50 or
(etexcmds)             that some package has redefined \expanded.
(etexcmds)             In the latter case, load this package earlier.
)))
Package grfext Info: Graphics extension search list:
(grfext)             [.png,.pdf,.jpg,.mps,.jpeg,.jbig2,.jb2,.PNG,.PDF,.JPG,.JPE
G,.JBIG2,.JB2,.eps]
(grfext)             \AppendGraphicsExtensions on input line 452.

(/usr/local/texlive/2013/texmf-dist/tex/latex/latexconfig/epstopdf-sys.cfg
File: epstopdf-sys.cfg 2010/07/13 v1.3 Configuration of (r)epstopdf for TeX Liv
e
))
*geometry* driver: auto-detecting
*geometry* detected driver: pdftex
*geometry* verbose mode - [ preamble ] result:
* driver: pdftex
* paper: <default>
* layout: <same size as paper>
* layoutoffset:(h,v)=(0.0pt,0.0pt)
* modes: twoside asymmetric 
* h-part:(L,W,R)=(72.26999pt, 469.75502pt, 72.26999pt)
* v-part:(T,H,B)=(72.26999pt, 650.43001pt, 72.26999pt)
* \paperwidth=614.295pt
* \paperheight=794.96999pt
* \textwidth=469.75502pt
* \textheight=650.43001pt
* \oddsidemargin=0.0pt
* \evensidemargin=0.0pt
* \topmargin=-46.97505pt
* \headheight=10.84006pt
* \headsep=36.135pt
* \topskip=10.56pt
* \footskip=30.0pt
* \marginparwidth=107.0pt
* \marginparsep=6.0pt
* \columnsep=22.58437pt
* \skip\footins=12.80373pt plus 2.84526pt minus 2.84526pt
* \hoffset=-21.33955pt
* \voffset=18.06749pt
* \mag=1000
* \@twocolumnfalse
* \@twosidetrue
* \@mparswitchfalse
* \@reversemarginfalse
* (1in=72.27pt=25.4mm, 1cm=28.453pt)

\openout3 = `Turbulent_collapseNotes.bib'.

LaTeX Font Info:    Try loading font information for U+lasy on input line 72.
(/usr/local/texlive/2013/texmf-dist/tex/latex/base/ulasy.fd
File: ulasy.fd 1998/08/17 v2.2e LaTeX symbol font definitions
)
LaTeX Font Info:    Try loading font information for U+msa on input line 72.

(/usr/local/texlive/2013/texmf-dist/tex/latex/amsfonts/umsa.fd
File: umsa.fd 2013/01/14 v3.01 AMS symbols A
)
LaTeX Font Info:    Try loading font information for U+msb on input line 72.

(/usr/local/texlive/2013/texmf-dist/tex/latex/amsfonts/umsb.fd
File: umsb.fd 2013/01/14 v3.01 AMS symbols B
)

Class revtex4-1 Warning: Assuming \noaffiliation for authors.


Underfull \hbox (badness 1888) in paragraph at lines 100--100
 | $[]$| \OT1/cmr/m/n/8 De-part-ment of Physics, Uni-ver-sity of Wisconsin-
 []


Package natbib Warning: Citation `1957RvMP...29..547B' on page 1 undefined on i
nput line 104.


Package amsmath Warning: Foreign command \over;
(amsmath)                \frac or \genfrac should be used instead
(amsmath)                 on input line 116.


Package natbib Warning: Citation `1998ApJ...498..541K' on page 1 undefined on i
nput line 122.


Package natbib Warning: Citation `2008AJ....136.2782L' on page 1 undefined on i
nput line 122.


Package natbib Warning: Citation `2013arXiv1311.2073H' on page 1 undefined on i
nput line 129.


Package natbib Warning: Citation `2014arXiv1404.2613A' on page 1 undefined on i
nput line 129.


Package natbib Warning: Citation `2014MNRAS.442.1545C' on page 1 undefined on i
nput line 129.


Package natbib Warning: Citation `2000A&A...360..539K' on page 1 undefined on i
nput line 144.


Overfull \hbox (8.58707pt too wide) in alignment at lines 147--152
 [][][] []
 []


Overfull \hbox (5.67744pt too wide) in alignment at lines 160--167
 [][][] []
 []

[1{/usr/local/texlive/2013/texmf-var/fonts/map/pdftex/updmap/pdftex.map}]

Package natbib Warning: Citation `2005ApJ...635L.173W' on page 2 undefined on i
nput line 171.


Package natbib Warning: Citation `2010ApJ...724..687L' on page 2 undefined on i
nput line 171.


Package natbib Warning: Citation `2010ApJ...723.1019H' on page 2 undefined on i
nput line 172.


Package natbib Warning: Citation `2011ApJ...729..133M' on page 2 undefined on i
nput line 173.


Package natbib Warning: Citation `2012ApJ...745...69K' on page 2 undefined on i
nput line 174.


Package natbib Warning: Citation `1977ApJ...214..488S' on page 2 undefined on i
nput line 186.


Package natbib Warning: Citation `1992ApJ...396..631M' on page 2 undefined on i
nput line 196.


Package natbib Warning: Citation `1997ApJ...476..750M' on page 2 undefined on i
nput line 211.


Package natbib Warning: Citation `2003ApJ...585..850M' on page 2 undefined on i
nput line 212.


Package natbib Warning: Citation `1981MNRAS.194..809L' on page 2 undefined on i
nput line 226.


Package natbib Warning: Citation `1988ApJ...329..392M' on page 2 undefined on i
nput line 226.


Package natbib Warning: Citation `2014arXiv1406.4148L' on page 2 undefined on i
nput line 235.


Underfull \hbox (badness 1043) in paragraph at lines 235--240
\OT1/cmr/m/n/10 three di-men-sional hy-dro and MHD sim-u-la-tions
 []


Package natbib Warning: Citation `2012ApJ...750L..31R' on page 2 undefined on i
nput line 258.

[2]
LaTeX Font Info:    Try loading font information for OMS+cmr on input line 292.

 (/usr/local/texlive/2013/texmf-dist/tex/latex/base/omscmr.fd
File: omscmr.fd 1999/05/25 v2.5h Standard LaTeX font definitions
)
LaTeX Font Info:    Font shape `OMS/cmr/m/n' in size <10> not available
(Font)              Font shape `OMS/cmsy/m/n' tried instead on input line 292.

Overfull \hbox (14.2274pt too wide) in alignment at lines 321--330
 [][][] []
 []


Package natbib Warning: Citation `2012ApJ...750L..31R' on page 3 undefined on i
nput line 362.


Package natbib Warning: Citation `2012ApJ...750L..31R' on page 3 undefined on i
nput line 364.

[3]
Underfull \hbox (badness 2662) in paragraph at lines 572--574
[]|   []   |   []   |   []   |   []   |   []   |   []   |   []
 []


Package natbib Warning: Citation `2012ApJ...750L..31R' on page 4 undefined on i
nput line 581.

[4] [5]
Overfull \hbox (4.59312pt too wide) detected at line 841
\OT1/cmr/m/n/10 ^^@[] \OMS/cmsy/m/n/10 ^^Q [] \OT1/cmr/m/n/10 ^^@ = [][]
 []


Package natbib Warning: Citation `1977ApJ...214..488S' on page 6 undefined on i
nput line 934.


Package natbib Warning: Citation `2003ApJ...585..850M' on page 6 undefined on i
nput line 934.


Package natbib Warning: Citation `2004ApJ...615..813F' on page 6 undefined on i
nput line 936.

[6]

Package natbib Warning: Citation `2012ApJ...750L..31R' on page 7 undefined on i
nput line 958.


Package natbib Warning: Citation `1981MNRAS.194..809L' on page 7 undefined on i
nput line 969.


Package natbib Warning: Citation `2004ApJ...615L..45H' on page 7 undefined on i
nput line 969.


Package natbib Warning: Citation `1983ApJ...270..105M' on page 7 undefined on i
nput line 970.


Package natbib Warning: Citation `1992A&A...257..715F' on page 7 undefined on i
nput line 970.


Underfull \hbox (badness 2512) in paragraph at lines 967--974
[]\OT1/cmr/m/n/10 Simulations of non-self-gravitating tur-bu-lence
 []


Package natbib Warning: Citation `2011A&A...525A.151B' on page 7 undefined on i
nput line 1067.


Package natbib Warning: Citation `2014ApJ...785...42P' on page 7 undefined on i
nput line 1067.


Package natbib Warning: Citation `2000ApJ...537..283V' on page 7 undefined on i
nput line 1071.

[7]
Underfull \hbox (badness 5726) in paragraph at lines 1132--1142
\OT1/cmr/m/n/10 with fidu-cial val-ues $[] = 3\OML/cmm/m/it/10 :\OT1/cmr/m/n/10
 0 \OMS/cmsy/m/n/10 ^^B \OT1/cmr/m/n/10 10[] [] []$,
 []


Underfull \hbox (badness 10000) in paragraph at lines 1132--1142
[]|   []   |   []
 []


Underfull \hbox (badness 2521) in paragraph at lines 1132--1142
\OML/cmm/m/it/10 v[]\OT1/cmr/m/n/10 (\OML/cmm/m/it/10 R\OT1/cmr/m/n/10 ) = 6\OM
L/cmm/m/it/10 :\OT1/cmr/m/n/10 0 [][]$, $\OML/cmm/m/it/10 u[]\OT1/cmr/m/n/10 (\
OML/cmm/m/it/10 R\OT1/cmr/m/n/10 ) = \OMS/cmsy/m/n/10 ^^@\OT1/cmr/m/n/10 3\OML/
cmm/m/it/10 :\OT1/cmr/m/n/10 0 [][]$[]
 []


Underfull \hbox (badness 1565) in paragraph at lines 1160--1171
[]\OT1/cmr/m/n/10 Figure 1[] shows the run of den-sity and in-
 []


Underfull \hbox (badness 3492) in paragraph at lines 1160--1171
\OT1/cmr/m/n/10 3 \OMS/cmsy/m/n/10 ^^B \OT1/cmr/m/n/10 10[] [] [][]$ in the ini
-tial snap-shot to
 []


./Turbulent_collapse.tex:1180: LaTeX Error: File `fig1' not found.

See the LaTeX manual or LaTeX Companion for explanation.
Type  H <return>  for immediate help.
 ...                                              
                                                  
l.1180 \plotone{fig1}
                     
? 

./Turbulent_collapse.tex:1223: LaTeX Error: File `fig2' not found.

See the LaTeX manual or LaTeX Companion for explanation.
Type  H <return>  for immediate help.
 ...                                              
                                                  
l.1223 \plotone{fig2}
                     
? 

Underfull \hbox (badness 2277) in paragraph at lines 1246--1246
[]  []\OT1/cmr/m/n/8 The ra-tio of the pres-sure gra-di-ent term
 []


Underfull \hbox (badness 10000) in paragraph at lines 1246--1246
\OT1/cmr/m/n/8 to the grav-ity term in the mo-men-tum equa-tion,
 []


Underfull \hbox (badness 5726) in paragraph at lines 1246--1246
\OT1/cmr/m/n/8 (\OML/cmm/m/it/8 @^^Zv[]=@r\OT1/cmr/m/n/8 )\OML/cmm/m/it/8 =\OT1
/cmr/m/n/8 (\OML/cmm/m/it/8 ^^ZGM\OT1/cmr/m/n/8 (\OML/cmm/m/it/8 r; t\OT1/cmr/m
/n/8 )\OML/cmm/m/it/8 =r[]\OT1/cmr/m/n/8 )$. The dot-ted lines cor-re-
 []

[8]

./Turbulent_collapse.tex:1285: LaTeX Error: File `fig3' not found.

See the LaTeX manual or LaTeX Companion for explanation.
Type  H <return>  for immediate help.
 ...                                              
                                                  
l.1285 \plotone{fig3}
                     
? 

Underfull \hbox (badness 1515) in paragraph at lines 1290--1290
[]  []\OT1/cmr/m/n/8 The run of $^^@(\OML/cmm/m/it/8 r\OT1/cmr/m/n/8 )$ (solid 
line), and $^^@[] \OMS/cmsy/m/n/8 ^^Q
 []


./Turbulent_collapse.tex:1307: LaTeX Error: File `fig4' not found.

See the LaTeX manual or LaTeX Companion for explanation.
Type  H <return>  for immediate help.
 ...                                              
                                                  
l.1307 \plotone{fig4}
                     
? 

./Turbulent_collapse.tex:1328: LaTeX Error: File `fig5' not found.

See the LaTeX manual or LaTeX Companion for explanation.
Type  H <return>  for immediate help.
 ...                                              
                                                  
l.1328 \plotone{fig5}
                     
? 

./Turbulent_collapse.tex:1339: LaTeX Error: File `fig6' not found.

See the LaTeX manual or LaTeX Companion for explanation.
Type  H <return>  for immediate help.
 ...                                              
                                                  
l.1339 \plotone{fig6}
                     
? 

./Turbulent_collapse.tex:1357: LaTeX Error: File `fig7' not found.

See the LaTeX manual or LaTeX Companion for explanation.
Type  H <return>  for immediate help.
 ...                                              
                                                  
l.1357 \plotone{fig7}
                     
? 
[9]

Package natbib Warning: Citation `1981MNRAS.194..809L' on page 10 undefined on 
input line 1412.


Package natbib Warning: Citation `1987ApJ...319..730S' on page 10 undefined on 
input line 1412.


Package natbib Warning: Citation `2004ApJ...615L..45H' on page 10 undefined on 
input line 1412.


Package natbib Warning: Citation `1983ApJ...270..105M' on page 10 undefined on 
input line 1414.


Package natbib Warning: Citation `1992ApJ...384..523F' on page 10 undefined on 
input line 1419.


Package natbib Warning: Citation `1995ApJ...446..665C' on page 10 undefined on 
input line 1419.


Package natbib Warning: Citation `1997ApJ...476..730P' on page 10 undefined on 
input line 1419.


Package natbib Warning: Citation `1997ApJ...476..730P' on page 10 undefined on 
input line 1422.


Package natbib Warning: Citation `1997ApJ...476..730P' on page 10 undefined on 
input line 1449.


Package natbib Warning: Citation `1997ApJ...476..750M' on page 10 undefined on 
input line 1458.


Package natbib Warning: Citation `2003ApJ...585..850M' on page 10 undefined on 
input line 1458.


Package natbib Warning: Citation `2004ApJ...615..813F' on page 10 undefined on 
input line 1458.


Package natbib Warning: Citation `1997ApJ...476..730P' on page 10 undefined on 
input line 1469.


Package natbib Warning: Citation `2007ApJ...661..972P' on page 10 undefined on 
input line 1490.


Package natbib Warning: Citation `2006ApJ...638L..25K' on page 10 undefined on 
input line 1490.


Package natbib Warning: Citation `2012ApJ...750...13C' on page 10 undefined on 
input line 1490.


Package natbib Warning: Citation `2012ApJ...750...13C' on page 10 undefined on 
input line 1493.


./Turbulent_collapse.tex:1518: LaTeX Error: File `fig9' not found.

See the LaTeX manual or LaTeX Companion for explanation.
Type  H <return>  for immediate help.
 ...                                              
                                                  
l.1518 \plotone{fig9}
                     
? 

Package natbib Warning: Citation `2011A&A...525A.151B' on page 10 undefined on 
input line 1539.


Package natbib Warning: Citation `2008ApJ...684.1273K' on page 10 undefined on 
input line 1539.


Package natbib Warning: Citation `1986ApJ...304..501H' on page 10 undefined on 
input line 1539.


Package natbib Warning: Citation `2011A&A...530A..53K' on page 10 undefined on 
input line 1539.


Package natbib Warning: Citation `2008ApJ...684.1273K' on page 10 undefined on 
input line 1539.


Package natbib Warning: Citation `1986ApJ...304..501H' on page 10 undefined on 
input line 1539.


Package natbib Warning: Citation `2011A&A...525A.151B' on page 10 undefined on 
input line 1539.


Package natbib Warning: Citation `2008ApJ...684.1273K' on page 10 undefined on 
input line 1539.


Package natbib Warning: Citation `1986ApJ...304..501H' on page 10 undefined on 
input line 1539.

[10]

LaTeX Warning: A float is stuck (cannot be placed) on input line 1550.


LaTeX Warning: A float is stuck (cannot be placed) on input line 1550.


Class revtex4-1 Warning: Deferred float stuck during \clearpage processing.


Package natbib Warning: Citation `2008ApJ...684.1273K' on page 11 undefined on 
input line 1552.


Package natbib Warning: Citation `2011A&A...530A..53K' on page 11 undefined on 
input line 1556.


Package natbib Warning: Citation `1986ApJ...304..501H' on page 11 undefined on 
input line 1557.


Package natbib Warning: Citation `2011A&A...525A.151B' on page 11 undefined on 
input line 1561.


Underfull \hbox (badness 5787) in paragraph at lines 1561--1570
[]\OT1/cmr/bx/n/10 ? \OT1/cmr/m/n/10 es-ti-mate $\OML/cmm/m/it/10 v[] \OT1/cmr/
m/n/10 = 6 [][]$ at $\OML/cmm/m/it/10 r \OT1/cmr/m/n/10 =
 []


Package natbib Warning: Citation `2011ApJ...729..100L' on page 11 undefined on 
input line 1573.


Package natbib Warning: Citation `2009ApJ...703.1308K' on page 11 undefined on 
input line 1577.


Package natbib Warning: Citation `1997ApJ...476..730P' on page 11 undefined on 
input line 1588.


Package natbib Warning: Citation `2003ApJ...585..850M' on page 11 undefined on 
input line 1595.


Package natbib Warning: Citation `1986ApJ...304..501H' on page 11 undefined on 
input line 1601.


Package natbib Warning: Citation `2010ApJ...709..191M' on page 11 undefined on 
input line 1616.


Package natbib Warning: Citation `2011ApJ...730...40P' on page 11 undefined on 
input line 1627.


Package natbib Warning: Citation `2012MNRAS.419.3115B' on page 11 undefined on 
input line 1627.


Package natbib Warning: Citation `2012ApJ...754...71K' on page 11 undefined on 
input line 1627.


Package natbib Warning: Citation `Myer+14' on page 11 undefined on input line 1
634.

[11]

Package natbib Warning: Citation `2000ApJ...537..283V' on page 12 undefined on 
input line 1653.


Package natbib Warning: Citation `2014ApJ...785...42P' on page 12 undefined on 
input line 1653.


Package natbib Warning: Citation `2011ApJ...727L..20K' on page 12 undefined on 
input line 1658.


Package natbib Warning: Citation `1999A&A...345..965C' on page 12 undefined on 
input line 1662.


Package natbib Warning: Citation `2009ApJ...703...52L' on page 12 undefined on 
input line 1662.


Package natbib Warning: Citation `2009A&A...508L..35K' on page 12 undefined on 
input line 1662.


Package natbib Warning: Citation `2010A&A...512A..67L' on page 12 undefined on 
input line 1662.


Package natbib Warning: Citation `2011ApJ...727L..20K' on page 12 undefined on 
input line 1663.


Package natbib Warning: Citation `2001ARA&A..39..403R' on page 12 undefined on 
input line 1682.


Package natbib Warning: Citation `2005ApJ...632..941Q' on page 12 undefined on 
input line 1683.


Package natbib Warning: Citation `2007ApJ...659.1394M' on page 12 undefined on 
input line 1685.


Package natbib Warning: Citation `2009ApJ...695.1376C' on page 12 undefined on 
input line 1689.


Package natbib Warning: Citation `1995ApJ...446..665C' on page 12 undefined on 
input line 1692.


Package natbib Warning: Citation `1997ApJ...476..730P' on page 12 undefined on 
input line 1693.


Package natbib Warning: Citation `2004ApJ...615L..45H' on page 12 undefined on 
input line 1695.


Package natbib Warning: Citation `1983ApJ...270..105M' on page 12 undefined on 
input line 1700.


Package natbib Warning: Citation `2011MNRAS.411...65B' on page 12 undefined on 
input line 1714.


Package natbib Warning: Citation `2012ApJ...750...13C' on page 12 undefined on 
input line 1715.


Package natbib Warning: Citation `2011ApJ...727L..20K' on page 12 undefined on 
input line 1717.


Package natbib Warning: Citation `2011MNRAS.411...65B' on page 12 undefined on 
input line 1723.


Package natbib Warning: Citation `2001ApJ...562..770D' on page 12 undefined on 
input line 1734.


Package natbib Warning: Citation `2008ApJ...684.1273K' on page 12 undefined on 
input line 1734.


Package natbib Warning: Citation `2011A&A...530A..53K' on page 12 undefined on 
input line 1734.


Package natbib Warning: Citation `2011A&A...525A.151B' on page 12 undefined on 
input line 1734.


Package natbib Warning: Citation `2013A&A...554A..83V' on page 12 undefined on 
input line 1734.


Package natbib Warning: Citation `1981MNRAS.194..809L' on page 12 undefined on 
input line 1740.


Package natbib Warning: Citation `2011ApJ...740..120R' on page 12 undefined on 
input line 1740.


Package natbib Warning: Citation `1995ApJ...446..665C' on page 12 undefined on 
input line 1742.


Package natbib Warning: Citation `1997ApJ...476..730P' on page 12 undefined on 
input line 1742.


Package natbib Warning: Citation `2007ApJ...657..870V' on page 12 undefined on 
input line 1749.


Package natbib Warning: Citation `2008MNRAS.390..769V' on page 12 undefined on 
input line 1760.

[12]
Overfull \hbox (2.97997pt too wide) detected at line 1782
\OML/cmm/m/it/10 ^^Z\OT1/cmr/m/n/10 (\OML/cmm/m/it/10 r; t\OT1/cmr/m/n/10 ) = [
]
 []


Package natbib Warning: Citation `2011ApJ...727L..20K' on page 13 undefined on 
input line 1791.


Package natbib Warning: Citation `2012ApJ...750...13C' on page 13 undefined on 
input line 1791.


Package natbib Warning: Citation `2009ApJ...703...52L' on page 13 undefined on 
input line 1792.


Package natbib Warning: Citation `2009A&A...508L..35K' on page 13 undefined on 
input line 1792.


Package natbib Warning: Citation `2004ApJ...615..813F' on page 13 undefined on 
input line 1814.


Package natbib Warning: Citation `1997ApJ...476..730P' on page 13 undefined on 
input line 1833.


Package natbib Warning: Citation `2010JPhCS.256a2026L' on page 13 undefined on 
input line 1904.

[13] [14] (./Turbulent_collapse.bbl)

Package natbib Warning: There were undefined citations.

[15] (./Turbulent_collapse.aux)

LaTeX Warning: There were multiply-defined labels.

 ) 
Here is how much of TeX's memory you used:
 6195 strings out of 493315
 84462 string characters out of 6137904
 199501 words of memory out of 5000000
 9512 multiletter control sequences out of 15000+600000
 14723 words of font info for 59 fonts, out of 8000000 for 9000
 957 hyphenation exceptions out of 8191
 39i,10n,29p,1957b,384s stack positions out of 5000i,500n,10000p,200000b,80000s
</usr/local/texlive/2013/texmf-dist/fonts/type1/public/amsfonts/cm/cmbx10.pfb
></usr/local/texlive/2013/texmf-dist/fonts/type1/public/amsfonts/cm/cmbx8.pfb><
/usr/local/texlive/2013/texmf-dist/fonts/type1/public/amsfonts/cm/cmcsc10.pfb><
/usr/local/texlive/2013/texmf-dist/fonts/type1/public/amsfonts/cm/cmex10.pfb></
usr/local/texlive/2013/texmf-dist/fonts/type1/public/amsfonts/cmextra/cmex8.pfb
></usr/local/texlive/2013/texmf-dist/fonts/type1/public/amsfonts/cm/cmmi10.pfb>
</usr/local/texlive/2013/texmf-dist/fonts/type1/public/amsfonts/cm/cmmi5.pfb></
usr/local/texlive/2013/texmf-dist/fonts/type1/public/amsfonts/cm/cmmi6.pfb></us
r/local/texlive/2013/texmf-dist/fonts/type1/public/amsfonts/cm/cmmi7.pfb></usr/
local/texlive/2013/texmf-dist/fonts/type1/public/amsfonts/cm/cmmi8.pfb></usr/lo
cal/texlive/2013/texmf-dist/fonts/type1/public/amsfonts/cm/cmmi9.pfb></usr/loca
l/texlive/2013/texmf-dist/fonts/type1/public/amsfonts/cm/cmr10.pfb></usr/local/
texlive/2013/texmf-dist/fonts/type1/public/amsfonts/cm/cmr5.pfb></usr/local/tex
live/2013/texmf-dist/fonts/type1/public/amsfonts/cm/cmr6.pfb></usr/local/texliv
e/2013/texmf-dist/fonts/type1/public/amsfonts/cm/cmr7.pfb></usr/local/texlive/2
013/texmf-dist/fonts/type1/public/amsfonts/cm/cmr8.pfb></usr/local/texlive/2013
/texmf-dist/fonts/type1/public/amsfonts/cm/cmr9.pfb></usr/local/texlive/2013/te
xmf-dist/fonts/type1/public/amsfonts/cm/cmsy10.pfb></usr/local/texlive/2013/tex
mf-dist/fonts/type1/public/amsfonts/cm/cmsy5.pfb></usr/local/texlive/2013/texmf
-dist/fonts/type1/public/amsfonts/cm/cmsy6.pfb></usr/local/texlive/2013/texmf-d
ist/fonts/type1/public/amsfonts/cm/cmsy7.pfb></usr/local/texlive/2013/texmf-dis
t/fonts/type1/public/amsfonts/cm/cmsy8.pfb></usr/local/texlive/2013/texmf-dist/
fonts/type1/public/amsfonts/cm/cmti10.pfb></usr/local/texlive/2013/texmf-dist/f
onts/type1/public/amsfonts/cm/cmti8.pfb></usr/local/texlive/2013/texmf-dist/fon
ts/type1/public/amsfonts/cm/cmti9.pfb></usr/local/texlive/2013/texmf-dist/fonts
/type1/public/amsfonts/symbols/msam10.pfb>
Output written on Turbulent_collapse.pdf (15 pages, 396082 bytes).
PDF statistics:
 158 PDF objects out of 1000 (max. 8388607)
 113 compressed objects within 2 object streams
 0 named destinations out of 1000 (max. 500000)
 1 words of extra memory for PDF output out of 10000 (max. 10000000)

